<?xml version="1.0" encoding="utf-8"?>
<TestRun id="38ed4a77-4be0-47e9-a865-cfc32a36f11d" name="kotha_ev@DESKTOP-D08IIBH 2025-06-10 06:04:49" runUser="DESKTOP-D08IIBH\kotha_ev" xmlns="http://microsoft.com/schemas/VisualStudio/TeamTest/2010">
  <Times creation="2025-06-10T06:04:49.7940154+05:30" queuing="2025-06-10T06:04:49.7940158+05:30" start="2025-06-10T06:04:40.2374098+05:30" finish="2025-06-10T06:05:01.2754563+05:30" />
  <TestSettings name="default" id="6394c530-907c-4d5b-bfa1-72c01e2311a2">
    <Deployment runDeploymentRoot="kotha_ev_DESKTOP-D08IIBH_2025-06-10_06_04_49" />
  </TestSettings>
  <Results>
    <UnitTestResult executionId="929bfb9c-2f54-4c31-ad73-f65a3d786cda" testId="30bff655-1d9a-44fc-be9f-51cd586299dd" testName="LaunchGoogleAndVerifyTitle" computerName="DESKTOP-D08IIBH" duration="00:00:03.2966110" startTime="2025-06-10T06:04:57.1960575+05:30" endTime="2025-06-10T06:05:00.4926678+05:30" testType="13cdc9d9-ddb5-4fa4-a97d-d965ccfc6d4b" outcome="Passed" testListId="8c84fa94-04c1-424b-9868-57a2d4851a1d" relativeResultsDirectory="929bfb9c-2f54-4c31-ad73-f65a3d786cda">
      <Output>
        <StdOut>Given I navigate to "https://www.google.com"&#xD;
[Playwright] Browser opened. Page title: Google&#xD;
-&gt; done: GoogleSearchStepDefinitions.GivenINavigateTo("https://www.googl...") (0.9s)&#xD;
Then the page title should be "Google"&#xD;
-&gt; done: GoogleSearchStepDefinitions.ThenThePageTitleShouldBe("Google") (0.0s)</StdOut>
      </Output>
    </UnitTestResult>
    <UnitTestResult executionId="eb61dd2a-ae5f-435c-bb20-cfef0316393f" testId="aed80c04-41e7-5bb5-9845-0887630954ea" testName="LaunchAmazonAndVerifyTitle" computerName="DESKTOP-D08IIBH" duration="00:00:04.9581380" startTime="2025-06-10T06:04:43.6759508+05:30" endTime="2025-06-10T06:04:48.6340079+05:30" testType="13cdc9d9-ddb5-4fa4-a97d-d965ccfc6d4b" outcome="Failed" testListId="8c84fa94-04c1-424b-9868-57a2d4851a1d" relativeResultsDirectory="eb61dd2a-ae5f-435c-bb20-cfef0316393f">
      <Output>
        <StdOut>Given I navigate to "https://www.amazon.com"&#xD;
[Playwright] Browser opened. Page title: Amazon.com&#xD;
-&gt; done: GoogleSearchStepDefinitions.GivenINavigateTo("https://www.amazo...") (2.1s)&#xD;
Then the page title should be "Amazon.com. Spend less. Smile more."&#xD;
-&gt; error:   Expected string length 35 but was 10. Strings differ at index 10.&#xD;
  Expected: "Amazon.com. Spend less. Smile more."&#xD;
  But was:  "Amazon.com"&#xD;
  ---------------------^&#xD;
 (0.0s)</StdOut>
        <ErrorInfo>
          <Message>  Expected string length 35 but was 10. Strings differ at index 10.&#xD;
  Expected: "Amazon.com. Spend less. Smile more."&#xD;
  But was:  "Amazon.com"&#xD;
  ---------------------^&#xD;
</Message>
          <StackTrace>   at PlaywrightAI.Specs.StepDefinitions.GoogleSearchStepDefinitions.ThenThePageTitleShouldBe(String expectedTitle) in D:\vscode\PlaywrightAI\PlaywrightAI.Specs\StepDefinitions\GoogleSearchStepDefinitions.cs:line 66&#xD;
   at TechTalk.SpecFlow.Bindings.SynchronousBindingDelegateInvoker.&lt;&gt;c__DisplayClass2_0.&lt;&lt;InvokeBindingDelegateAsync&gt;b__0&gt;d.MoveNext()&#xD;
--- End of stack trace from previous location ---&#xD;
   at TechTalk.SpecFlow.Bindings.AsyncHelpers.&lt;&gt;c__DisplayClass1_0`1.&lt;&lt;RunSync&gt;b__0&gt;d.MoveNext()&#xD;
--- End of stack trace from previous location ---&#xD;
   at TechTalk.SpecFlow.Bindings.AsyncHelpers.ExclusiveSynchronizationContext.BeginMessageLoop()&#xD;
   at TechTalk.SpecFlow.Bindings.AsyncHelpers.RunSync[T](Func`1 task)&#xD;
   at TechTalk.SpecFlow.Bindings.SynchronousBindingDelegateInvoker.InvokeBindingDelegateAsync(Delegate bindingDelegate, Object[] invokeArgs)&#xD;
   at TechTalk.SpecFlow.Bindings.SynchronousBindingDelegateInvoker.InvokeDelegateSynchronously(Delegate bindingDelegate, Object[] invokeArgs)&#xD;
   at TechTalk.SpecFlow.Bindings.BindingInvoker.InvokeBinding(IBinding binding, IContextManager contextManager, Object[] arguments, ITestTracer testTracer, TimeSpan&amp; duration)&#xD;
   at TechTalk.SpecFlow.Infrastructure.TestExecutionEngine.ExecuteStepMatch(BindingMatch match, Object[] arguments, TimeSpan&amp; duration)&#xD;
   at TechTalk.SpecFlow.Infrastructure.TestExecutionEngine.ExecuteStep(IContextManager contextManager, StepInstance stepInstance)&#xD;
   at TechTalk.SpecFlow.Infrastructure.TestExecutionEngine.OnAfterLastStep()&#xD;
   at TechTalk.SpecFlow.TestRunner.CollectScenarioErrors()&#xD;
   at PlaywrightAI.Specs.Features.AmazonNavigationFeature.ScenarioCleanup()&#xD;
   at PlaywrightAI.Specs.Features.AmazonNavigationFeature.LaunchAmazonAndVerifyTitle() in D:\vscode\PlaywrightAI\PlaywrightAI.Specs\Features\AmazonNavigation.feature:line 9&#xD;

1)    at PlaywrightAI.Specs.StepDefinitions.GoogleSearchStepDefinitions.ThenThePageTitleShouldBe(String expectedTitle) in D:\vscode\PlaywrightAI\PlaywrightAI.Specs\StepDefinitions\GoogleSearchStepDefinitions.cs:line 66&#xD;

</StackTrace>
        </ErrorInfo>
      </Output>
    </UnitTestResult>
    <UnitTestResult executionId="10e36eb4-d381-4163-82e5-81f244daa071" testId="63fd014f-4d41-35c0-ef08-b66e96c1e1ec" testName="FailingScenarioForRetryDemo" computerName="DESKTOP-D08IIBH" duration="00:00:04.4701940" startTime="2025-06-10T06:04:52.7256826+05:30" endTime="2025-06-10T06:04:57.1958775+05:30" testType="13cdc9d9-ddb5-4fa4-a97d-d965ccfc6d4b" outcome="Failed" testListId="8c84fa94-04c1-424b-9868-57a2d4851a1d" relativeResultsDirectory="10e36eb4-d381-4163-82e5-81f244daa071">
      <Output>
        <StdOut>Given I navigate to "https://www.google.com"&#xD;
[Playwright] Browser opened. Page title: Google&#xD;
-&gt; done: GoogleSearchStepDefinitions.GivenINavigateTo("https://www.googl...") (2.1s)&#xD;
Then the page title should be "ThisWillFail"&#xD;
-&gt; error:   Expected string length 12 but was 6. Strings differ at index 0.&#xD;
  Expected: "ThisWillFail"&#xD;
  But was:  "Google"&#xD;
  -----------^&#xD;
 (0.0s)</StdOut>
        <ErrorInfo>
          <Message>  Expected string length 12 but was 6. Strings differ at index 0.&#xD;
  Expected: "ThisWillFail"&#xD;
  But was:  "Google"&#xD;
  -----------^&#xD;
</Message>
          <StackTrace>   at PlaywrightAI.Specs.StepDefinitions.GoogleSearchStepDefinitions.ThenThePageTitleShouldBe(String expectedTitle) in D:\vscode\PlaywrightAI\PlaywrightAI.Specs\StepDefinitions\GoogleSearchStepDefinitions.cs:line 66&#xD;
   at TechTalk.SpecFlow.Bindings.SynchronousBindingDelegateInvoker.&lt;&gt;c__DisplayClass2_0.&lt;&lt;InvokeBindingDelegateAsync&gt;b__0&gt;d.MoveNext()&#xD;
--- End of stack trace from previous location ---&#xD;
   at TechTalk.SpecFlow.Bindings.AsyncHelpers.&lt;&gt;c__DisplayClass1_0`1.&lt;&lt;RunSync&gt;b__0&gt;d.MoveNext()&#xD;
--- End of stack trace from previous location ---&#xD;
   at TechTalk.SpecFlow.Bindings.AsyncHelpers.ExclusiveSynchronizationContext.BeginMessageLoop()&#xD;
   at TechTalk.SpecFlow.Bindings.AsyncHelpers.RunSync[T](Func`1 task)&#xD;
   at TechTalk.SpecFlow.Bindings.SynchronousBindingDelegateInvoker.InvokeBindingDelegateAsync(Delegate bindingDelegate, Object[] invokeArgs)&#xD;
   at TechTalk.SpecFlow.Bindings.SynchronousBindingDelegateInvoker.InvokeDelegateSynchronously(Delegate bindingDelegate, Object[] invokeArgs)&#xD;
   at TechTalk.SpecFlow.Bindings.BindingInvoker.InvokeBinding(IBinding binding, IContextManager contextManager, Object[] arguments, ITestTracer testTracer, TimeSpan&amp; duration)&#xD;
   at TechTalk.SpecFlow.Infrastructure.TestExecutionEngine.ExecuteStepMatch(BindingMatch match, Object[] arguments, TimeSpan&amp; duration)&#xD;
   at TechTalk.SpecFlow.Infrastructure.TestExecutionEngine.ExecuteStep(IContextManager contextManager, StepInstance stepInstance)&#xD;
   at TechTalk.SpecFlow.Infrastructure.TestExecutionEngine.OnAfterLastStep()&#xD;
   at TechTalk.SpecFlow.TestRunner.CollectScenarioErrors()&#xD;
   at PlaywrightAI.Specs.Features.GoogleSearchFeature.ScenarioCleanup()&#xD;
   at PlaywrightAI.Specs.Features.GoogleSearchFeature.FailingScenarioForRetryDemo() in D:\vscode\PlaywrightAI\PlaywrightAI.Specs\Features\GoogleSearch.feature:line 14&#xD;

1)    at PlaywrightAI.Specs.StepDefinitions.GoogleSearchStepDefinitions.ThenThePageTitleShouldBe(String expectedTitle) in D:\vscode\PlaywrightAI\PlaywrightAI.Specs\StepDefinitions\GoogleSearchStepDefinitions.cs:line 66&#xD;

</StackTrace>
        </ErrorInfo>
      </Output>
    </UnitTestResult>
  </Results>
  <TestDefinitions>
    <UnitTest name="LaunchGoogleAndVerifyTitle" storage="d:\vscode\playwrightai\playwrightai.specs\bin\debug\net9.0\playwrightai.specs.dll" id="30bff655-1d9a-44fc-be9f-51cd586299dd">
      <Execution id="929bfb9c-2f54-4c31-ad73-f65a3d786cda" />
      <TestMethod codeBase="D:\vscode\PlaywrightAI\PlaywrightAI.Specs\bin\Debug\net9.0\PlaywrightAI.Specs.dll" adapterTypeName="executor://nunit3testexecutor/" className="PlaywrightAI.Specs.Features.GoogleSearchFeature" name="LaunchGoogleAndVerifyTitle" />
    </UnitTest>
    <UnitTest name="FailingScenarioForRetryDemo" storage="d:\vscode\playwrightai\playwrightai.specs\bin\debug\net9.0\playwrightai.specs.dll" id="63fd014f-4d41-35c0-ef08-b66e96c1e1ec">
      <Execution id="10e36eb4-d381-4163-82e5-81f244daa071" />
      <TestMethod codeBase="D:\vscode\PlaywrightAI\PlaywrightAI.Specs\bin\Debug\net9.0\PlaywrightAI.Specs.dll" adapterTypeName="executor://nunit3testexecutor/" className="PlaywrightAI.Specs.Features.GoogleSearchFeature" name="FailingScenarioForRetryDemo" />
    </UnitTest>
    <UnitTest name="LaunchAmazonAndVerifyTitle" storage="d:\vscode\playwrightai\playwrightai.specs\bin\debug\net9.0\playwrightai.specs.dll" id="aed80c04-41e7-5bb5-9845-0887630954ea">
      <Execution id="eb61dd2a-ae5f-435c-bb20-cfef0316393f" />
      <TestMethod codeBase="D:\vscode\PlaywrightAI\PlaywrightAI.Specs\bin\Debug\net9.0\PlaywrightAI.Specs.dll" adapterTypeName="executor://nunit3testexecutor/" className="PlaywrightAI.Specs.Features.AmazonNavigationFeature" name="LaunchAmazonAndVerifyTitle" />
    </UnitTest>
  </TestDefinitions>
  <TestEntries>
    <TestEntry testId="30bff655-1d9a-44fc-be9f-51cd586299dd" executionId="929bfb9c-2f54-4c31-ad73-f65a3d786cda" testListId="8c84fa94-04c1-424b-9868-57a2d4851a1d" />
    <TestEntry testId="aed80c04-41e7-5bb5-9845-0887630954ea" executionId="eb61dd2a-ae5f-435c-bb20-cfef0316393f" testListId="8c84fa94-04c1-424b-9868-57a2d4851a1d" />
    <TestEntry testId="63fd014f-4d41-35c0-ef08-b66e96c1e1ec" executionId="10e36eb4-d381-4163-82e5-81f244daa071" testListId="8c84fa94-04c1-424b-9868-57a2d4851a1d" />
  </TestEntries>
  <TestLists>
    <TestList name="Results Not in a List" id="8c84fa94-04c1-424b-9868-57a2d4851a1d" />
    <TestList name="All Loaded Results" id="19431567-8539-422a-85d7-44ee4e166bda" />
  </TestLists>
  <ResultSummary outcome="Failed">
    <Counters total="3" executed="3" passed="1" failed="2" error="0" timeout="0" aborted="0" inconclusive="0" passedButRunAborted="0" notRunnable="0" notExecuted="0" disconnected="0" warning="0" completed="0" inProgress="0" pending="0" />
    <Output>
      <StdOut>NUnit Adapter 5.0.0.0: Test execution started&#xD;
Running selected tests in D:\vscode\PlaywrightAI\PlaywrightAI.Specs\bin\Debug\net9.0\PlaywrightAI.Specs.dll&#xD;
   NUnit3TestExecutor discovered 3 of 3 NUnit test cases using Current Discovery mode, Non-Explicit run&#xD;
Given I navigate to "https://www.amazon.com"&#xD;
[Playwright] Browser opened. Page title: Amazon.com&#xD;
-&gt; done: GoogleSearchStepDefinitions.GivenINavigateTo("https://www.amazo...") (2.1s)&#xD;
Then the page title should be "Amazon.com. Spend less. Smile more."&#xD;
-&gt; error:   Expected string length 35 but was 10. Strings differ at index 10.&#xD;
  Expected: "Amazon.com. Spend less. Smile more."&#xD;
  But was:  "Amazon.com"&#xD;
  ---------------------^&#xD;
 (0.0s)&#xD;
&#xD;
Given I navigate to "https://www.google.com"&#xD;
[Playwright] Browser opened. Page title: Google&#xD;
-&gt; done: GoogleSearchStepDefinitions.GivenINavigateTo("https://www.googl...") (2.1s)&#xD;
Then the page title should be "ThisWillFail"&#xD;
-&gt; error:   Expected string length 12 but was 6. Strings differ at index 0.&#xD;
  Expected: "ThisWillFail"&#xD;
  But was:  "Google"&#xD;
  -----------^&#xD;
 (0.0s)&#xD;
&#xD;
Given I navigate to "https://www.google.com"&#xD;
[Playwright] Browser opened. Page title: Google&#xD;
-&gt; done: GoogleSearchStepDefinitions.GivenINavigateTo("https://www.googl...") (0.9s)&#xD;
Then the page title should be "Google"&#xD;
-&gt; done: GoogleSearchStepDefinitions.ThenThePageTitleShouldBe("Google") (0.0s)&#xD;
&#xD;
NUnit Adapter 5.0.0.0: Test execution complete&#xD;
</StdOut>
    </Output>
  </ResultSummary>
</TestRun>